<html>
<head>
<title>TestNG:  C:/Users/Admin/IdeaProjects/JALA_Academy</title>
<link href="../testng.css" rel="stylesheet" type="text/css" />
<link href="../my-testng.css" rel="stylesheet" type="text/css" />

<style type="text/css">
.log { display: none;} 
.stack-trace { display: none;} 
</style>
<script type="text/javascript">
<!--
function flip(e) {
  current = e.style.display;
  if (current == 'block') {
    e.style.display = 'none';
    return 0;
  }
  else {
    e.style.display = 'block';
    return 1;
  }
}

function toggleBox(szDivId, elem, msg1, msg2)
{
  var res = -1;  if (document.getElementById) {
    res = flip(document.getElementById(szDivId));
  }
  else if (document.all) {
    // this is the way old msie versions work
    res = flip(document.all[szDivId]);
  }
  if(elem) {
    if(res == 0) elem.innerHTML = msg1; else elem.innerHTML = msg2;
  }

}

function toggleAllBoxes() {
  if (document.getElementsByTagName) {
    d = document.getElementsByTagName('div');
    for (i = 0; i < d.length; i++) {
      if (d[i].className == 'log') {
        flip(d[i]);
      }
    }
  }
}

// -->
</script>

</head>
<body>
<h2 align='center'>C:/Users/Admin/IdeaProjects/JALA_Academy</h2><table border='1' align="center">
<tr>
<td>Tests passed/Failed/Skipped:</td><td>18/2/0</td>
</tr><tr>
<td>Started on:</td><td>Mon Oct 23 00:44:00 IST 2023</td>
</tr>
<tr><td>Total time:</td><td>80 seconds (80465 ms)</td>
</tr><tr>
<td>Included groups:</td><td></td>
</tr><tr>
<td>Excluded groups:</td><td></td>
</tr>
</table><p/>
<small><i>(Hover the method name to see the test class name)</i></small><p/>
<table width='100%' border='1' class='invocation-failed'>
<tr><td colspan='4' align='center'><b>FAILED TESTS</b></td></tr>
<tr><td><b>Test method</b></td>
<td><b>Attribute(s)</b></td>
<td width="30%"><b>Exception</b></td>
<td width="10%"><b>Time (seconds)</b></td>
<td><b>Instance</b></td>
</tr>
<tr>
<td title='tests.TestCase.ValidateMultipleCollapseFunctionality()'><b>ValidateMultipleCollapseFunctionality</b><br>Test class: tests.TestCase<br/>
<a href="#Output-1264231563" onClick='toggleBox("Output-1264231563", this, "Show output", "Hide output");'>Show output</a>

<a href="#Output-1264231563" onClick="toggleAllBoxes();">Show all outputs</a>
<div class='log' id="Output-1264231563">
<img src='C:\Users\Admin\IdeaProjects\JALA_Academy\src\ScreenShotValidateMultipleCollapseFunctionality.png'height'500' width'500'/><br/>
</div>
</td>
<td><div><pre>java.lang.AssertionError: expected [true] but found [false]
	at org.testng.Assert.fail(Assert.java:111)
	at org.testng.Assert.failNotEquals(Assert.java:1578)
	at org.testng.Assert.assertTrue(Assert.java:57)
	at org.testng.Assert.assertTrue(Assert.java:67)
	at testPages.CollapsibleContentPage.ValidateMultipleCollapse(CollapsibleContentPage.java:80)
	at tests.TestCase.ValidateMultipleCollapseFunctionality(TestCase.java:104)
	at java.base/jdk.internal.reflect.DirectMethodHandleAccessor.invoke(DirectMethodHandleAccessor.java:104)
	at java.base/java.lang.reflect.Method.invoke(Method.java:578)
	at org.testng.internal.invokers.MethodInvocationHelper.invokeMethod(MethodInvocationHelper.java:139)
	at org.testng.internal.invokers.TestInvoker.invokeMethod(TestInvoker.java:664)
	at org.testng.internal.invokers.TestInvoker.invokeTestMethod(TestInvoker.java:227)
	at org.testng.internal.invokers.MethodRunner.runInSequence(MethodRunner.java:50)
	at org.testng.internal.invokers.TestInvoker$MethodInvocationAgent.invoke(TestInvoker.java:957)
	at org.testng.internal.invokers.TestInvoker.invokeTestMethods(TestInvoker.java:200)
	at org.testng.internal.invokers.TestMethodWorker.invokeTestMethods(TestMethodWorker.java:148)
	at org.testng.internal.invokers.TestMethodWorker.run(TestMethodWorker.java:128)
	at java.base/java.util.ArrayList.forEach(ArrayList.java:1511)
	at org.testng.TestRunner.privateRun(TestRunner.java:848)
	at org.testng.TestRunner.run(TestRunner.java:621)
	at org.testng.SuiteRunner.runTest(SuiteRunner.java:443)
	at org.testng.SuiteRunner.runSequentially(SuiteRunner.java:437)
	at org.testng.SuiteRunner.privateRun(SuiteRunner.java:397)
	at org.testng.SuiteRunner.run(SuiteRunner.java:336)
	at org.testng.SuiteRunnerWorker.runSuite(SuiteRunnerWorker.java:52)
	at org.testng.SuiteRunnerWorker.run(SuiteRunnerWorker.java:95)
	at org.testng.TestNG.runSuitesSequentially(TestNG.java:1280)
	at org.testng.TestNG.runSuitesLocally(TestNG.java:1200)
	at org.testng.TestNG.runSuites(TestNG.java:1114)
	at org.testng.TestNG.run(TestNG.java:1082)
	at com.intellij.rt.testng.IDEARemoteTestNG.run(IDEARemoteTestNG.java:66)
	at com.intellij.rt.testng.RemoteTestNGStarter.main(RemoteTestNGStarter.java:105)
</pre></div><a href='#' onClick='toggleBox("stack-trace1264231563", this, "Click to show all stack frames", "Click to hide stack frames")'>Click to show all stack frames</a>
<div class='stack-trace' id='stack-trace1264231563'><pre>java.lang.AssertionError: expected [true] but found [false]
	at org.testng.Assert.fail(Assert.java:111)
	at org.testng.Assert.failNotEquals(Assert.java:1578)
	at org.testng.Assert.assertTrue(Assert.java:57)
	at org.testng.Assert.assertTrue(Assert.java:67)
	at testPages.CollapsibleContentPage.ValidateMultipleCollapse(CollapsibleContentPage.java:80)
	at tests.TestCase.ValidateMultipleCollapseFunctionality(TestCase.java:104)
	at java.base/jdk.internal.reflect.DirectMethodHandleAccessor.invoke(DirectMethodHandleAccessor.java:104)
	at java.base/java.lang.reflect.Method.invoke(Method.java:578)
	at org.testng.internal.invokers.MethodInvocationHelper.invokeMethod(MethodInvocationHelper.java:139)
	at org.testng.internal.invokers.TestInvoker.invokeMethod(TestInvoker.java:664)
	at org.testng.internal.invokers.TestInvoker.invokeTestMethod(TestInvoker.java:227)
	at org.testng.internal.invokers.MethodRunner.runInSequence(MethodRunner.java:50)
	at org.testng.internal.invokers.TestInvoker$MethodInvocationAgent.invoke(TestInvoker.java:957)
	at org.testng.internal.invokers.TestInvoker.invokeTestMethods(TestInvoker.java:200)
	at org.testng.internal.invokers.TestMethodWorker.invokeTestMethods(TestMethodWorker.java:148)
	at org.testng.internal.invokers.TestMethodWorker.run(TestMethodWorker.java:128)
	at java.base/java.util.ArrayList.forEach(ArrayList.java:1511)
	at org.testng.TestRunner.privateRun(TestRunner.java:848)
	at org.testng.TestRunner.run(TestRunner.java:621)
	at org.testng.SuiteRunner.runTest(SuiteRunner.java:443)
	at org.testng.SuiteRunner.runSequentially(SuiteRunner.java:437)
	at org.testng.SuiteRunner.privateRun(SuiteRunner.java:397)
	at org.testng.SuiteRunner.run(SuiteRunner.java:336)
	at org.testng.SuiteRunnerWorker.runSuite(SuiteRunnerWorker.java:52)
	at org.testng.SuiteRunnerWorker.run(SuiteRunnerWorker.java:95)
	at org.testng.TestNG.runSuitesSequentially(TestNG.java:1280)
	at org.testng.TestNG.runSuitesLocally(TestNG.java:1200)
	at org.testng.TestNG.runSuites(TestNG.java:1114)
	at org.testng.TestNG.run(TestNG.java:1082)
	at com.intellij.rt.testng.IDEARemoteTestNG.run(IDEARemoteTestNG.java:66)
	at com.intellij.rt.testng.RemoteTestNGStarter.main(RemoteTestNGStarter.java:105)
</pre></div></td>
<td>3</td>
<td>tests.TestCase@1b1473ab</td></tr>
<tr>
<td title='tests.TestCase.ValidateSingleCollapseFunctionality()'><b>ValidateSingleCollapseFunctionality</b><br>Test class: tests.TestCase<br/>
<a href="#Output-668762558" onClick='toggleBox("Output-668762558", this, "Show output", "Hide output");'>Show output</a>

<a href="#Output-668762558" onClick="toggleAllBoxes();">Show all outputs</a>
<div class='log' id="Output-668762558">
<img src='C:\Users\Admin\IdeaProjects\JALA_Academy\src\ScreenShotValidateSingleCollapseFunctionality.png'height'500' width'500'/><br/>
</div>
</td>
<td><div><pre>java.lang.AssertionError: expected [true] but found [false]
	at org.testng.Assert.fail(Assert.java:111)
	at org.testng.Assert.failNotEquals(Assert.java:1578)
	at org.testng.Assert.assertTrue(Assert.java:57)
	at org.testng.Assert.assertTrue(Assert.java:67)
	at testPages.CollapsibleContentPage.ValidateSingleCollapse(CollapsibleContentPage.java:60)
	at tests.TestCase.ValidateSingleCollapseFunctionality(TestCase.java:97)
	at java.base/jdk.internal.reflect.DirectMethodHandleAccessor.invoke(DirectMethodHandleAccessor.java:104)
	at java.base/java.lang.reflect.Method.invoke(Method.java:578)
	at org.testng.internal.invokers.MethodInvocationHelper.invokeMethod(MethodInvocationHelper.java:139)
	at org.testng.internal.invokers.TestInvoker.invokeMethod(TestInvoker.java:664)
	at org.testng.internal.invokers.TestInvoker.invokeTestMethod(TestInvoker.java:227)
	at org.testng.internal.invokers.MethodRunner.runInSequence(MethodRunner.java:50)
	at org.testng.internal.invokers.TestInvoker$MethodInvocationAgent.invoke(TestInvoker.java:957)
	at org.testng.internal.invokers.TestInvoker.invokeTestMethods(TestInvoker.java:200)
	at org.testng.internal.invokers.TestMethodWorker.invokeTestMethods(TestMethodWorker.java:148)
	at org.testng.internal.invokers.TestMethodWorker.run(TestMethodWorker.java:128)
	at java.base/java.util.ArrayList.forEach(ArrayList.java:1511)
	at org.testng.TestRunner.privateRun(TestRunner.java:848)
	at org.testng.TestRunner.run(TestRunner.java:621)
	at org.testng.SuiteRunner.runTest(SuiteRunner.java:443)
	at org.testng.SuiteRunner.runSequentially(SuiteRunner.java:437)
	at org.testng.SuiteRunner.privateRun(SuiteRunner.java:397)
	at org.testng.SuiteRunner.run(SuiteRunner.java:336)
	at org.testng.SuiteRunnerWorker.runSuite(SuiteRunnerWorker.java:52)
	at org.testng.SuiteRunnerWorker.run(SuiteRunnerWorker.java:95)
	at org.testng.TestNG.runSuitesSequentially(TestNG.java:1280)
	at org.testng.TestNG.runSuitesLocally(TestNG.java:1200)
	at org.testng.TestNG.runSuites(TestNG.java:1114)
	at org.testng.TestNG.run(TestNG.java:1082)
	at com.intellij.rt.testng.IDEARemoteTestNG.run(IDEARemoteTestNG.java:66)
	at com.intellij.rt.testng.RemoteTestNGStarter.main(RemoteTestNGStarter.java:105)
</pre></div><a href='#' onClick='toggleBox("stack-trace668762558", this, "Click to show all stack frames", "Click to hide stack frames")'>Click to show all stack frames</a>
<div class='stack-trace' id='stack-trace668762558'><pre>java.lang.AssertionError: expected [true] but found [false]
	at org.testng.Assert.fail(Assert.java:111)
	at org.testng.Assert.failNotEquals(Assert.java:1578)
	at org.testng.Assert.assertTrue(Assert.java:57)
	at org.testng.Assert.assertTrue(Assert.java:67)
	at testPages.CollapsibleContentPage.ValidateSingleCollapse(CollapsibleContentPage.java:60)
	at tests.TestCase.ValidateSingleCollapseFunctionality(TestCase.java:97)
	at java.base/jdk.internal.reflect.DirectMethodHandleAccessor.invoke(DirectMethodHandleAccessor.java:104)
	at java.base/java.lang.reflect.Method.invoke(Method.java:578)
	at org.testng.internal.invokers.MethodInvocationHelper.invokeMethod(MethodInvocationHelper.java:139)
	at org.testng.internal.invokers.TestInvoker.invokeMethod(TestInvoker.java:664)
	at org.testng.internal.invokers.TestInvoker.invokeTestMethod(TestInvoker.java:227)
	at org.testng.internal.invokers.MethodRunner.runInSequence(MethodRunner.java:50)
	at org.testng.internal.invokers.TestInvoker$MethodInvocationAgent.invoke(TestInvoker.java:957)
	at org.testng.internal.invokers.TestInvoker.invokeTestMethods(TestInvoker.java:200)
	at org.testng.internal.invokers.TestMethodWorker.invokeTestMethods(TestMethodWorker.java:148)
	at org.testng.internal.invokers.TestMethodWorker.run(TestMethodWorker.java:128)
	at java.base/java.util.ArrayList.forEach(ArrayList.java:1511)
	at org.testng.TestRunner.privateRun(TestRunner.java:848)
	at org.testng.TestRunner.run(TestRunner.java:621)
	at org.testng.SuiteRunner.runTest(SuiteRunner.java:443)
	at org.testng.SuiteRunner.runSequentially(SuiteRunner.java:437)
	at org.testng.SuiteRunner.privateRun(SuiteRunner.java:397)
	at org.testng.SuiteRunner.run(SuiteRunner.java:336)
	at org.testng.SuiteRunnerWorker.runSuite(SuiteRunnerWorker.java:52)
	at org.testng.SuiteRunnerWorker.run(SuiteRunnerWorker.java:95)
	at org.testng.TestNG.runSuitesSequentially(TestNG.java:1280)
	at org.testng.TestNG.runSuitesLocally(TestNG.java:1200)
	at org.testng.TestNG.runSuites(TestNG.java:1114)
	at org.testng.TestNG.run(TestNG.java:1082)
	at com.intellij.rt.testng.IDEARemoteTestNG.run(IDEARemoteTestNG.java:66)
	at com.intellij.rt.testng.RemoteTestNGStarter.main(RemoteTestNGStarter.java:105)
</pre></div></td>
<td>2</td>
<td>tests.TestCase@1b1473ab</td></tr>
</table><p>
<table width='100%' border='1' class='invocation-passed'>
<tr><td colspan='4' align='center'><b>PASSED TESTS</b></td></tr>
<tr><td><b>Test method</b></td>
<td><b>Attribute(s)</b></td>
<td width="30%"><b>Exception</b></td>
<td width="10%"><b>Time (seconds)</b></td>
<td><b>Instance</b></td>
</tr>
<tr>
<td title='tests.TestCase.MultipleTabsFunctionality()'><b>MultipleTabsFunctionality</b><br>Test class: tests.TestCase</td>
<td></td>
<td>1</td>
<td>tests.TestCase@1b1473ab</td></tr>
<tr>
<td title='tests.TestCase.CreateEmployeeAndSaveFunctionality()'><b>CreateEmployeeAndSaveFunctionality</b><br>Test class: tests.TestCase</td>
<td></td>
<td>4</td>
<td>tests.TestCase@1b1473ab</td></tr>
<tr>
<td title='tests.TestCase.SearchEmployeeAndClearFieldsFunctionality()'><b>SearchEmployeeAndClearFieldsFunctionality</b><br>Test class: tests.TestCase</td>
<td></td>
<td>6</td>
<td>tests.TestCase@1b1473ab</td></tr>
<tr>
<td title='tests.TestCase.ForgotPasswordFunctionality()'><b>ForgotPasswordFunctionality</b><br>Test class: tests.TestCase</td>
<td></td>
<td>3</td>
<td>tests.TestCase@1b1473ab</td></tr>
<tr>
<td title='tests.TestCase.WorkingLinkFunctionality()'><b>WorkingLinkFunctionality</b><br>Test class: tests.TestCase</td>
<td></td>
<td>6</td>
<td>tests.TestCase@1b1473ab</td></tr>
<tr>
<td title='tests.TestCase.ValidateSingleMenuFunctionality()'><b>ValidateSingleMenuFunctionality</b><br>Test class: tests.TestCase</td>
<td></td>
<td>2</td>
<td>tests.TestCase@1b1473ab</td></tr>
<tr>
<td title='tests.TestCase.EmptyFieldsLoginFunctionality()'><b>EmptyFieldsLoginFunctionality</b><br>Test class: tests.TestCase</td>
<td></td>
<td>0</td>
<td>tests.TestCase@1b1473ab</td></tr>
<tr>
<td title='tests.TestCase.ValidateSubMenuTestingFunctionality()'><b>ValidateSubMenuTestingFunctionality</b><br>Test class: tests.TestCase</td>
<td></td>
<td>3</td>
<td>tests.TestCase@1b1473ab</td></tr>
<tr>
<td title='tests.TestCase.PopupsPageFunctionality()'><b>PopupsPageFunctionality</b><br>Test class: tests.TestCase</td>
<td></td>
<td>2</td>
<td>tests.TestCase@1b1473ab</td></tr>
<tr>
<td title='tests.TestCase.CreateEmployeeCancelFunctionality()'><b>CreateEmployeeCancelFunctionality</b><br>Test class: tests.TestCase</td>
<td></td>
<td>5</td>
<td>tests.TestCase@1b1473ab</td></tr>
<tr>
<td title='tests.TestCase.VerifyLogin()'><b>VerifyLogin</b><br>Test class: tests.TestCase</td>
<td></td>
<td>4</td>
<td>tests.TestCase@1b1473ab</td></tr>
<tr>
<td title='tests.TestCase.SearchEmployeeAndDeleteResultFunctionality()'><b>SearchEmployeeAndDeleteResultFunctionality</b><br>Test class: tests.TestCase</td>
<td></td>
<td>6</td>
<td>tests.TestCase@1b1473ab</td></tr>
<tr>
<td title='tests.TestCase.SearchEmployeeAndGotoHomeFunctionality()'><b>SearchEmployeeAndGotoHomeFunctionality</b><br>Test class: tests.TestCase</td>
<td></td>
<td>6</td>
<td>tests.TestCase@1b1473ab</td></tr>
<tr>
<td title='tests.TestCase.ToolTipPageFunctionality()'><b>ToolTipPageFunctionality</b><br>Test class: tests.TestCase</td>
<td></td>
<td>3</td>
<td>tests.TestCase@1b1473ab</td></tr>
<tr>
<td title='tests.TestCase.VerifyLogOut()'><b>VerifyLogOut</b><br>Test class: tests.TestCase</td>
<td></td>
<td>1</td>
<td>tests.TestCase@1b1473ab</td></tr>
<tr>
<td title='tests.TestCase.SliderFunctionality()'><b>SliderFunctionality</b><br>Test class: tests.TestCase</td>
<td></td>
<td>2</td>
<td>tests.TestCase@1b1473ab</td></tr>
<tr>
<td title='tests.TestCase.AdminLoginFunctionality()'><b>AdminLoginFunctionality</b><br>Test class: tests.TestCase</td>
<td></td>
<td>1</td>
<td>tests.TestCase@1b1473ab</td></tr>
<tr>
<td title='tests.TestCase.SearchEmployeeFunctionality()'><b>SearchEmployeeFunctionality</b><br>Test class: tests.TestCase</td>
<td></td>
<td>6</td>
<td>tests.TestCase@1b1473ab</td></tr>
</table><p>
</body>
</html>