<?xml version="1.0" encoding="UTF-8"?>
<testng-results ignored="0" total="20" passed="18" failed="2" skipped="0">
  <reporter-output>
    <line>
      <![CDATA[<img src='C:\Users\Admin\IdeaProjects\JALA_Academy\src\ScreenShotValidateSingleCollapseFunctionality.png'height'500' width'500'/>]]>
    </line>
    <line>
      <![CDATA[<img src='C:\Users\Admin\IdeaProjects\JALA_Academy\src\ScreenShotValidateMultipleCollapseFunctionality.png'height'500' width'500'/>]]>
    </line>
  </reporter-output>
  <suite started-at="2023-10-23T00:44:00 IST" name="All Test Suite" finished-at="2023-10-23T00:45:20 IST" duration-ms="80465">
    <groups>
    </groups>
    <test started-at="2023-10-23T00:44:00 IST" name="C:/Users/Admin/IdeaProjects/JALA_Academy" finished-at="2023-10-23T00:45:20 IST" duration-ms="80465">
      <class name="tests.TestCase">
        <test-method is-config="true" signature="setup()[pri:0, instance:tests.TestCase@1b1473ab]" started-at="2023-10-23T00:44:00 IST" name="setup" finished-at="2023-10-23T00:44:04 IST" duration-ms="4256" status="PASS">
          <reporter-output>
          </reporter-output>
        </test-method> <!-- setup -->
        <test-method signature="VerifyLogin()[pri:0, instance:tests.TestCase@1b1473ab]" started-at="2023-10-23T00:44:04 IST" name="VerifyLogin" finished-at="2023-10-23T00:44:08 IST" duration-ms="4082" status="PASS">
          <reporter-output>
          </reporter-output>
        </test-method> <!-- VerifyLogin -->
        <test-method signature="VerifyLogOut()[pri:0, instance:tests.TestCase@1b1473ab]" started-at="2023-10-23T00:44:08 IST" name="VerifyLogOut" finished-at="2023-10-23T00:44:10 IST" duration-ms="1690" status="PASS">
          <reporter-output>
          </reporter-output>
        </test-method> <!-- VerifyLogOut -->
        <test-method signature="ForgotPasswordFunctionality()[pri:0, instance:tests.TestCase@1b1473ab]" started-at="2023-10-23T00:44:10 IST" name="ForgotPasswordFunctionality" finished-at="2023-10-23T00:44:13 IST" duration-ms="3051" status="PASS">
          <reporter-output>
          </reporter-output>
        </test-method> <!-- ForgotPasswordFunctionality -->
        <test-method signature="AdminLoginFunctionality()[pri:0, instance:tests.TestCase@1b1473ab]" started-at="2023-10-23T00:44:13 IST" name="AdminLoginFunctionality" finished-at="2023-10-23T00:44:14 IST" duration-ms="1286" status="PASS">
          <reporter-output>
          </reporter-output>
        </test-method> <!-- AdminLoginFunctionality -->
        <test-method signature="EmptyFieldsLoginFunctionality()[pri:0, instance:tests.TestCase@1b1473ab]" started-at="2023-10-23T00:44:14 IST" name="EmptyFieldsLoginFunctionality" finished-at="2023-10-23T00:44:15 IST" duration-ms="558" status="PASS">
          <reporter-output>
          </reporter-output>
        </test-method> <!-- EmptyFieldsLoginFunctionality -->
        <test-method signature="CreateEmployeeAndSaveFunctionality()[pri:0, instance:tests.TestCase@1b1473ab]" started-at="2023-10-23T00:44:15 IST" name="CreateEmployeeAndSaveFunctionality" finished-at="2023-10-23T00:44:19 IST" duration-ms="4140" status="PASS">
          <reporter-output>
          </reporter-output>
        </test-method> <!-- CreateEmployeeAndSaveFunctionality -->
        <test-method signature="CreateEmployeeCancelFunctionality()[pri:0, instance:tests.TestCase@1b1473ab]" started-at="2023-10-23T00:44:19 IST" name="CreateEmployeeCancelFunctionality" finished-at="2023-10-23T00:44:25 IST" duration-ms="5989" status="PASS">
          <reporter-output>
          </reporter-output>
        </test-method> <!-- CreateEmployeeCancelFunctionality -->
        <test-method signature="SearchEmployeeFunctionality()[pri:0, instance:tests.TestCase@1b1473ab]" started-at="2023-10-23T00:44:25 IST" name="SearchEmployeeFunctionality" finished-at="2023-10-23T00:44:32 IST" duration-ms="6641" status="PASS">
          <reporter-output>
          </reporter-output>
        </test-method> <!-- SearchEmployeeFunctionality -->
        <test-method signature="SearchEmployeeAndClearFieldsFunctionality()[pri:0, instance:tests.TestCase@1b1473ab]" started-at="2023-10-23T00:44:32 IST" name="SearchEmployeeAndClearFieldsFunctionality" finished-at="2023-10-23T00:44:38 IST" duration-ms="6795" status="PASS">
          <reporter-output>
          </reporter-output>
        </test-method> <!-- SearchEmployeeAndClearFieldsFunctionality -->
        <test-method signature="SearchEmployeeAndDeleteResultFunctionality()[pri:0, instance:tests.TestCase@1b1473ab]" started-at="2023-10-23T00:44:38 IST" name="SearchEmployeeAndDeleteResultFunctionality" finished-at="2023-10-23T00:44:45 IST" duration-ms="6573" status="PASS">
          <reporter-output>
          </reporter-output>
        </test-method> <!-- SearchEmployeeAndDeleteResultFunctionality -->
        <test-method signature="SearchEmployeeAndGotoHomeFunctionality()[pri:0, instance:tests.TestCase@1b1473ab]" started-at="2023-10-23T00:44:45 IST" name="SearchEmployeeAndGotoHomeFunctionality" finished-at="2023-10-23T00:44:52 IST" duration-ms="6573" status="PASS">
          <reporter-output>
          </reporter-output>
        </test-method> <!-- SearchEmployeeAndGotoHomeFunctionality -->
        <test-method signature="MultipleTabsFunctionality()[pri:0, instance:tests.TestCase@1b1473ab]" started-at="2023-10-23T00:44:52 IST" name="MultipleTabsFunctionality" finished-at="2023-10-23T00:44:53 IST" duration-ms="1920" status="PASS">
          <reporter-output>
          </reporter-output>
        </test-method> <!-- MultipleTabsFunctionality -->
        <test-method signature="ValidateSingleMenuFunctionality()[pri:0, instance:tests.TestCase@1b1473ab]" started-at="2023-10-23T00:44:53 IST" name="ValidateSingleMenuFunctionality" finished-at="2023-10-23T00:44:56 IST" duration-ms="2333" status="PASS">
          <reporter-output>
          </reporter-output>
        </test-method> <!-- ValidateSingleMenuFunctionality -->
        <test-method signature="ValidateSubMenuTestingFunctionality()[pri:0, instance:tests.TestCase@1b1473ab]" started-at="2023-10-23T00:44:56 IST" name="ValidateSubMenuTestingFunctionality" finished-at="2023-10-23T00:44:59 IST" duration-ms="3255" status="PASS">
          <reporter-output>
          </reporter-output>
        </test-method> <!-- ValidateSubMenuTestingFunctionality -->
        <test-method signature="ValidateSingleCollapseFunctionality()[pri:0, instance:tests.TestCase@1b1473ab]" started-at="2023-10-23T00:44:59 IST" name="ValidateSingleCollapseFunctionality" finished-at="2023-10-23T00:45:01 IST" duration-ms="2206" status="FAIL">
          <exception class="java.lang.AssertionError">
            <message>
              <![CDATA[expected [true] but found [false]]]>
            </message>
            <full-stacktrace>
              <![CDATA[java.lang.AssertionError: expected [true] but found [false]
at org.testng.Assert.fail(Assert.java:111)
at org.testng.Assert.failNotEquals(Assert.java:1578)
at org.testng.Assert.assertTrue(Assert.java:57)
at org.testng.Assert.assertTrue(Assert.java:67)
at testPages.CollapsibleContentPage.ValidateSingleCollapse(CollapsibleContentPage.java:60)
at tests.TestCase.ValidateSingleCollapseFunctionality(TestCase.java:97)
at java.base/jdk.internal.reflect.DirectMethodHandleAccessor.invoke(DirectMethodHandleAccessor.java:104)
at java.base/java.lang.reflect.Method.invoke(Method.java:578)
at org.testng.internal.invokers.MethodInvocationHelper.invokeMethod(MethodInvocationHelper.java:139)
at org.testng.internal.invokers.TestInvoker.invokeMethod(TestInvoker.java:664)
at org.testng.internal.invokers.TestInvoker.invokeTestMethod(TestInvoker.java:227)
at org.testng.internal.invokers.MethodRunner.runInSequence(MethodRunner.java:50)
at org.testng.internal.invokers.TestInvoker$MethodInvocationAgent.invoke(TestInvoker.java:957)
at org.testng.internal.invokers.TestInvoker.invokeTestMethods(TestInvoker.java:200)
at org.testng.internal.invokers.TestMethodWorker.invokeTestMethods(TestMethodWorker.java:148)
at org.testng.internal.invokers.TestMethodWorker.run(TestMethodWorker.java:128)
at java.base/java.util.ArrayList.forEach(ArrayList.java:1511)
at org.testng.TestRunner.privateRun(TestRunner.java:848)
at org.testng.TestRunner.run(TestRunner.java:621)
at org.testng.SuiteRunner.runTest(SuiteRunner.java:443)
at org.testng.SuiteRunner.runSequentially(SuiteRunner.java:437)
at org.testng.SuiteRunner.privateRun(SuiteRunner.java:397)
at org.testng.SuiteRunner.run(SuiteRunner.java:336)
at org.testng.SuiteRunnerWorker.runSuite(SuiteRunnerWorker.java:52)
at org.testng.SuiteRunnerWorker.run(SuiteRunnerWorker.java:95)
at org.testng.TestNG.runSuitesSequentially(TestNG.java:1280)
at org.testng.TestNG.runSuitesLocally(TestNG.java:1200)
at org.testng.TestNG.runSuites(TestNG.java:1114)
at org.testng.TestNG.run(TestNG.java:1082)
at com.intellij.rt.testng.IDEARemoteTestNG.run(IDEARemoteTestNG.java:66)
at com.intellij.rt.testng.RemoteTestNGStarter.main(RemoteTestNGStarter.java:105)
]]>
            </full-stacktrace>
          </exception> <!-- java.lang.AssertionError -->
          <reporter-output>
            <line>
              <![CDATA[<img src='C:\Users\Admin\IdeaProjects\JALA_Academy\src\ScreenShotValidateSingleCollapseFunctionality.png'height'500' width'500'/>]]>
            </line>
          </reporter-output>
        </test-method> <!-- ValidateSingleCollapseFunctionality -->
        <test-method signature="ValidateMultipleCollapseFunctionality()[pri:0, instance:tests.TestCase@1b1473ab]" started-at="2023-10-23T00:45:02 IST" name="ValidateMultipleCollapseFunctionality" finished-at="2023-10-23T00:45:05 IST" duration-ms="3153" status="FAIL">
          <exception class="java.lang.AssertionError">
            <message>
              <![CDATA[expected [true] but found [false]]]>
            </message>
            <full-stacktrace>
              <![CDATA[java.lang.AssertionError: expected [true] but found [false]
at org.testng.Assert.fail(Assert.java:111)
at org.testng.Assert.failNotEquals(Assert.java:1578)
at org.testng.Assert.assertTrue(Assert.java:57)
at org.testng.Assert.assertTrue(Assert.java:67)
at testPages.CollapsibleContentPage.ValidateMultipleCollapse(CollapsibleContentPage.java:80)
at tests.TestCase.ValidateMultipleCollapseFunctionality(TestCase.java:104)
at java.base/jdk.internal.reflect.DirectMethodHandleAccessor.invoke(DirectMethodHandleAccessor.java:104)
at java.base/java.lang.reflect.Method.invoke(Method.java:578)
at org.testng.internal.invokers.MethodInvocationHelper.invokeMethod(MethodInvocationHelper.java:139)
at org.testng.internal.invokers.TestInvoker.invokeMethod(TestInvoker.java:664)
at org.testng.internal.invokers.TestInvoker.invokeTestMethod(TestInvoker.java:227)
at org.testng.internal.invokers.MethodRunner.runInSequence(MethodRunner.java:50)
at org.testng.internal.invokers.TestInvoker$MethodInvocationAgent.invoke(TestInvoker.java:957)
at org.testng.internal.invokers.TestInvoker.invokeTestMethods(TestInvoker.java:200)
at org.testng.internal.invokers.TestMethodWorker.invokeTestMethods(TestMethodWorker.java:148)
at org.testng.internal.invokers.TestMethodWorker.run(TestMethodWorker.java:128)
at java.base/java.util.ArrayList.forEach(ArrayList.java:1511)
at org.testng.TestRunner.privateRun(TestRunner.java:848)
at org.testng.TestRunner.run(TestRunner.java:621)
at org.testng.SuiteRunner.runTest(SuiteRunner.java:443)
at org.testng.SuiteRunner.runSequentially(SuiteRunner.java:437)
at org.testng.SuiteRunner.privateRun(SuiteRunner.java:397)
at org.testng.SuiteRunner.run(SuiteRunner.java:336)
at org.testng.SuiteRunnerWorker.runSuite(SuiteRunnerWorker.java:52)
at org.testng.SuiteRunnerWorker.run(SuiteRunnerWorker.java:95)
at org.testng.TestNG.runSuitesSequentially(TestNG.java:1280)
at org.testng.TestNG.runSuitesLocally(TestNG.java:1200)
at org.testng.TestNG.runSuites(TestNG.java:1114)
at org.testng.TestNG.run(TestNG.java:1082)
at com.intellij.rt.testng.IDEARemoteTestNG.run(IDEARemoteTestNG.java:66)
at com.intellij.rt.testng.RemoteTestNGStarter.main(RemoteTestNGStarter.java:105)
]]>
            </full-stacktrace>
          </exception> <!-- java.lang.AssertionError -->
          <reporter-output>
            <line>
              <![CDATA[<img src='C:\Users\Admin\IdeaProjects\JALA_Academy\src\ScreenShotValidateMultipleCollapseFunctionality.png'height'500' width'500'/>]]>
            </line>
          </reporter-output>
        </test-method> <!-- ValidateMultipleCollapseFunctionality -->
        <test-method signature="PopupsPageFunctionality()[pri:0, instance:tests.TestCase@1b1473ab]" started-at="2023-10-23T00:45:05 IST" name="PopupsPageFunctionality" finished-at="2023-10-23T00:45:08 IST" duration-ms="2959" status="PASS">
          <reporter-output>
          </reporter-output>
        </test-method> <!-- PopupsPageFunctionality -->
        <test-method signature="SliderFunctionality()[pri:0, instance:tests.TestCase@1b1473ab]" started-at="2023-10-23T00:45:08 IST" name="SliderFunctionality" finished-at="2023-10-23T00:45:11 IST" duration-ms="2925" status="PASS">
          <reporter-output>
          </reporter-output>
        </test-method> <!-- SliderFunctionality -->
        <test-method signature="ToolTipPageFunctionality()[pri:0, instance:tests.TestCase@1b1473ab]" started-at="2023-10-23T00:45:11 IST" name="ToolTipPageFunctionality" finished-at="2023-10-23T00:45:14 IST" duration-ms="3270" status="PASS">
          <reporter-output>
          </reporter-output>
        </test-method> <!-- ToolTipPageFunctionality -->
        <test-method signature="WorkingLinkFunctionality()[pri:0, instance:tests.TestCase@1b1473ab]" started-at="2023-10-23T00:45:14 IST" name="WorkingLinkFunctionality" finished-at="2023-10-23T00:45:20 IST" duration-ms="6232" status="PASS">
          <reporter-output>
          </reporter-output>
        </test-method> <!-- WorkingLinkFunctionality -->
        <test-method is-config="true" signature="teardown()[pri:0, instance:tests.TestCase@1b1473ab]" started-at="2023-10-23T00:45:20 IST" name="teardown" finished-at="2023-10-23T00:45:20 IST" duration-ms="2" status="PASS">
          <reporter-output>
          </reporter-output>
        </test-method> <!-- teardown -->
      </class> <!-- tests.TestCase -->
    </test> <!-- C:/Users/Admin/IdeaProjects/JALA_Academy -->
  </suite> <!-- All Test Suite -->
</testng-results>
