<?xml version="1.0" encoding="UTF-8"?>
<!-- Generated by org.testng.reporters.JUnitReportReporter -->
<testsuite hostname="DESKTOP-O1LOCQ9" failures="2" tests="20" name="tests.TestCase" time="75.631" errors="0" timestamp="2023-10-23T00:45:21 IST" skipped="0">
  <testcase classname="tests.TestCase" name="MultipleTabsFunctionality" time="1.920"/>
  <testcase classname="tests.TestCase" name="CreateEmployeeAndSaveFunctionality" time="4.140"/>
  <testcase classname="tests.TestCase" name="ValidateSingleCollapseFunctionality" time="2.206">
    <failure message="expected [true] but found [false]" type="java.lang.AssertionError">
      <![CDATA[java.lang.AssertionError: expected [true] but found [false]
at org.testng.Assert.fail(Assert.java:111)
at org.testng.Assert.failNotEquals(Assert.java:1578)
at org.testng.Assert.assertTrue(Assert.java:57)
at org.testng.Assert.assertTrue(Assert.java:67)
at testPages.CollapsibleContentPage.ValidateSingleCollapse(CollapsibleContentPage.java:60)
at tests.TestCase.ValidateSingleCollapseFunctionality(TestCase.java:97)
at java.base/jdk.internal.reflect.DirectMethodHandleAccessor.invoke(DirectMethodHandleAccessor.java:104)
at java.base/java.lang.reflect.Method.invoke(Method.java:578)
at org.testng.internal.invokers.MethodInvocationHelper.invokeMethod(MethodInvocationHelper.java:139)
at org.testng.internal.invokers.TestInvoker.invokeMethod(TestInvoker.java:664)
at org.testng.internal.invokers.TestInvoker.invokeTestMethod(TestInvoker.java:227)
at org.testng.internal.invokers.MethodRunner.runInSequence(MethodRunner.java:50)
at org.testng.internal.invokers.TestInvoker$MethodInvocationAgent.invoke(TestInvoker.java:957)
at org.testng.internal.invokers.TestInvoker.invokeTestMethods(TestInvoker.java:200)
at org.testng.internal.invokers.TestMethodWorker.invokeTestMethods(TestMethodWorker.java:148)
at org.testng.internal.invokers.TestMethodWorker.run(TestMethodWorker.java:128)
at java.base/java.util.ArrayList.forEach(ArrayList.java:1511)
at org.testng.TestRunner.privateRun(TestRunner.java:848)
at org.testng.TestRunner.run(TestRunner.java:621)
at org.testng.SuiteRunner.runTest(SuiteRunner.java:443)
at org.testng.SuiteRunner.runSequentially(SuiteRunner.java:437)
at org.testng.SuiteRunner.privateRun(SuiteRunner.java:397)
at org.testng.SuiteRunner.run(SuiteRunner.java:336)
at org.testng.SuiteRunnerWorker.runSuite(SuiteRunnerWorker.java:52)
at org.testng.SuiteRunnerWorker.run(SuiteRunnerWorker.java:95)
at org.testng.TestNG.runSuitesSequentially(TestNG.java:1280)
at org.testng.TestNG.runSuitesLocally(TestNG.java:1200)
at org.testng.TestNG.runSuites(TestNG.java:1114)
at org.testng.TestNG.run(TestNG.java:1082)
at com.intellij.rt.testng.IDEARemoteTestNG.run(IDEARemoteTestNG.java:66)
at com.intellij.rt.testng.RemoteTestNGStarter.main(RemoteTestNGStarter.java:105)
]]>
    </failure>
    <system-out>
      <![CDATA[<img src='C:\Users\Admin\IdeaProjects\JALA_Academy\src\ScreenShotValidateSingleCollapseFunctionality.png'height'500' width'500'/>]]>
    </system-out>
  </testcase> <!-- ValidateSingleCollapseFunctionality -->
  <testcase classname="tests.TestCase" name="SearchEmployeeAndClearFieldsFunctionality" time="6.795"/>
  <testcase classname="tests.TestCase" name="ForgotPasswordFunctionality" time="3.051"/>
  <testcase classname="tests.TestCase" name="WorkingLinkFunctionality" time="6.232"/>
  <testcase classname="tests.TestCase" name="ValidateSingleMenuFunctionality" time="2.333"/>
  <testcase classname="tests.TestCase" name="EmptyFieldsLoginFunctionality" time="0.558"/>
  <testcase classname="tests.TestCase" name="ValidateSubMenuTestingFunctionality" time="3.255"/>
  <testcase classname="tests.TestCase" name="PopupsPageFunctionality" time="2.959"/>
  <testcase classname="tests.TestCase" name="ValidateMultipleCollapseFunctionality" time="3.153">
    <failure message="expected [true] but found [false]" type="java.lang.AssertionError">
      <![CDATA[java.lang.AssertionError: expected [true] but found [false]
at org.testng.Assert.fail(Assert.java:111)
at org.testng.Assert.failNotEquals(Assert.java:1578)
at org.testng.Assert.assertTrue(Assert.java:57)
at org.testng.Assert.assertTrue(Assert.java:67)
at testPages.CollapsibleContentPage.ValidateMultipleCollapse(CollapsibleContentPage.java:80)
at tests.TestCase.ValidateMultipleCollapseFunctionality(TestCase.java:104)
at java.base/jdk.internal.reflect.DirectMethodHandleAccessor.invoke(DirectMethodHandleAccessor.java:104)
at java.base/java.lang.reflect.Method.invoke(Method.java:578)
at org.testng.internal.invokers.MethodInvocationHelper.invokeMethod(MethodInvocationHelper.java:139)
at org.testng.internal.invokers.TestInvoker.invokeMethod(TestInvoker.java:664)
at org.testng.internal.invokers.TestInvoker.invokeTestMethod(TestInvoker.java:227)
at org.testng.internal.invokers.MethodRunner.runInSequence(MethodRunner.java:50)
at org.testng.internal.invokers.TestInvoker$MethodInvocationAgent.invoke(TestInvoker.java:957)
at org.testng.internal.invokers.TestInvoker.invokeTestMethods(TestInvoker.java:200)
at org.testng.internal.invokers.TestMethodWorker.invokeTestMethods(TestMethodWorker.java:148)
at org.testng.internal.invokers.TestMethodWorker.run(TestMethodWorker.java:128)
at java.base/java.util.ArrayList.forEach(ArrayList.java:1511)
at org.testng.TestRunner.privateRun(TestRunner.java:848)
at org.testng.TestRunner.run(TestRunner.java:621)
at org.testng.SuiteRunner.runTest(SuiteRunner.java:443)
at org.testng.SuiteRunner.runSequentially(SuiteRunner.java:437)
at org.testng.SuiteRunner.privateRun(SuiteRunner.java:397)
at org.testng.SuiteRunner.run(SuiteRunner.java:336)
at org.testng.SuiteRunnerWorker.runSuite(SuiteRunnerWorker.java:52)
at org.testng.SuiteRunnerWorker.run(SuiteRunnerWorker.java:95)
at org.testng.TestNG.runSuitesSequentially(TestNG.java:1280)
at org.testng.TestNG.runSuitesLocally(TestNG.java:1200)
at org.testng.TestNG.runSuites(TestNG.java:1114)
at org.testng.TestNG.run(TestNG.java:1082)
at com.intellij.rt.testng.IDEARemoteTestNG.run(IDEARemoteTestNG.java:66)
at com.intellij.rt.testng.RemoteTestNGStarter.main(RemoteTestNGStarter.java:105)
]]>
    </failure>
    <system-out>
      <![CDATA[<img src='C:\Users\Admin\IdeaProjects\JALA_Academy\src\ScreenShotValidateMultipleCollapseFunctionality.png'height'500' width'500'/>]]>
    </system-out>
  </testcase> <!-- ValidateMultipleCollapseFunctionality -->
  <testcase classname="tests.TestCase" name="CreateEmployeeCancelFunctionality" time="5.989"/>
  <testcase classname="tests.TestCase" name="VerifyLogin" time="4.082"/>
  <testcase classname="tests.TestCase" name="SearchEmployeeAndDeleteResultFunctionality" time="6.573"/>
  <testcase classname="tests.TestCase" name="SearchEmployeeAndGotoHomeFunctionality" time="6.573"/>
  <testcase classname="tests.TestCase" name="ToolTipPageFunctionality" time="3.270"/>
  <testcase classname="tests.TestCase" name="VerifyLogOut" time="1.690"/>
  <testcase classname="tests.TestCase" name="SliderFunctionality" time="2.925"/>
  <testcase classname="tests.TestCase" name="AdminLoginFunctionality" time="1.286"/>
  <testcase classname="tests.TestCase" name="SearchEmployeeFunctionality" time="6.641"/>
  <system-out>
    <![CDATA[<img src='C:\Users\Admin\IdeaProjects\JALA_Academy\src\ScreenShotValidateSingleCollapseFunctionality.png'height'500' width'500'/>
<img src='C:\Users\Admin\IdeaProjects\JALA_Academy\src\ScreenShotValidateMultipleCollapseFunctionality.png'height'500' width'500'/>]]>
  </system-out>
</testsuite> <!-- tests.TestCase -->
